<?xml version="1.0" encoding="UTF-8"?>
<testng-results skipped="0" failed="1" ignored="0" total="4" passed="3">
  <reporter-output>
  </reporter-output>
  <suite name="GitHub Suite" duration-ms="25807" started-at="2019-03-12T03:25:45Z" finished-at="2019-03-12T03:26:11Z">
    <groups>
    </groups>
    <test name="Automation Positive Tests" duration-ms="25807" started-at="2019-03-12T03:25:45Z" finished-at="2019-03-12T03:26:11Z">
      <class name="test.GitHubTest">
        <test-method status="PASS" signature="setup()[pri:0, instance:test.GitHubTest@4520ebad]" name="setup" is-config="true" duration-ms="20467" started-at="2019-03-12T03:25:45Z" finished-at="2019-03-12T03:26:05Z">
          <reporter-output>
          </reporter-output>
        </test-method> <!-- setup -->
        <test-method status="PASS" signature="getResponse()[pri:0, instance:test.GitHubTest@4520ebad]" name="getResponse" duration-ms="4500" started-at="2019-03-12T03:26:05Z" finished-at="2019-03-12T03:26:10Z">
          <reporter-output>
          </reporter-output>
        </test-method> <!-- getResponse -->
        <test-method status="PASS" signature="showFirstResultName_Star()[pri:0, instance:test.GitHubTest@4520ebad]" name="showFirstResultName_Star" duration-ms="5" started-at="2019-03-12T03:26:10Z" depends-on-methods="test.GitHubTest.getResponse" finished-at="2019-03-12T03:26:10Z">
          <reporter-output>
          </reporter-output>
        </test-method> <!-- showFirstResultName_Star -->
        <test-method status="PASS" signature="showLastReleaseTagResult()[pri:0, instance:test.GitHubTest@4520ebad]" name="showLastReleaseTagResult" duration-ms="667" started-at="2019-03-12T03:26:10Z" depends-on-methods="test.GitHubTest.showFirstResultName_Star" finished-at="2019-03-12T03:26:11Z">
          <reporter-output>
          </reporter-output>
        </test-method> <!-- showLastReleaseTagResult -->
        <test-method status="FAIL" signature="verifyLastedReleaset()[pri:0, instance:test.GitHubTest@4520ebad]" name="verifyLastedReleaset" duration-ms="11" started-at="2019-03-12T03:26:11Z" depends-on-methods="test.GitHubTest.showLastReleaseTagResult" finished-at="2019-03-12T03:26:11Z">
          <exception class="java.lang.AssertionError">
            <message>
              <![CDATA[expected [true] but found [false]]]>
            </message>
            <full-stacktrace>
              <![CDATA[java.lang.AssertionError: expected [true] but found [false]
at org.testng.Assert.fail(Assert.java:96)
at org.testng.Assert.failNotEquals(Assert.java:776)
at org.testng.Assert.assertTrue(Assert.java:44)
at org.testng.Assert.assertTrue(Assert.java:54)
at test.GitHubTest.verifyLastedReleaset(GitHubTest.java:106)
at sun.reflect.NativeMethodAccessorImpl.invoke0(Native Method)
at sun.reflect.NativeMethodAccessorImpl.invoke(Unknown Source)
at sun.reflect.DelegatingMethodAccessorImpl.invoke(Unknown Source)
at java.lang.reflect.Method.invoke(Unknown Source)
at org.testng.internal.MethodInvocationHelper.invokeMethod(MethodInvocationHelper.java:124)
at org.testng.internal.Invoker.invokeMethod(Invoker.java:583)
at org.testng.internal.Invoker.invokeTestMethod(Invoker.java:719)
at org.testng.internal.Invoker.invokeTestMethods(Invoker.java:989)
at org.testng.internal.TestMethodWorker.invokeTestMethods(TestMethodWorker.java:125)
at org.testng.internal.TestMethodWorker.run(TestMethodWorker.java:109)
at org.testng.TestRunner.privateRun(TestRunner.java:648)
at org.testng.TestRunner.run(TestRunner.java:505)
at org.testng.SuiteRunner.runTest(SuiteRunner.java:455)
at org.testng.SuiteRunner.runSequentially(SuiteRunner.java:450)
at org.testng.SuiteRunner.privateRun(SuiteRunner.java:415)
at org.testng.SuiteRunner.run(SuiteRunner.java:364)
at org.testng.SuiteRunnerWorker.runSuite(SuiteRunnerWorker.java:52)
at org.testng.SuiteRunnerWorker.run(SuiteRunnerWorker.java:84)
at org.testng.TestNG.runSuitesSequentially(TestNG.java:1208)
at org.testng.TestNG.runSuitesLocally(TestNG.java:1137)
at org.testng.TestNG.runSuites(TestNG.java:1049)
at org.testng.TestNG.run(TestNG.java:1017)
at org.testng.remote.AbstractRemoteTestNG.run(AbstractRemoteTestNG.java:115)
at org.testng.remote.RemoteTestNG.initAndRun(RemoteTestNG.java:251)
at org.testng.remote.RemoteTestNG.main(RemoteTestNG.java:77)
]]>
            </full-stacktrace>
          </exception> <!-- java.lang.AssertionError -->
          <reporter-output>
          </reporter-output>
        </test-method> <!-- verifyLastedReleaset -->
      </class> <!-- test.GitHubTest -->
    </test> <!-- Automation Positive Tests -->
  </suite> <!-- GitHub Suite -->
</testng-results>
