<?xml version="1.0" encoding="UTF-8"?>
<!-- Generated by org.testng.reporters.JUnitXMLReporter -->
<testsuite hostname="Automation-PC" ignored="0" name="Automation Positive Tests" tests="4" failures="1" timestamp="12 Mar 2019 03:26:11 GMT" time="25.807" errors="0">
  <testcase name="getResponse" time="4.5" classname="test.GitHubTest"/>
  <testcase name="showFirstResultName_Star" time="0.005" classname="test.GitHubTest"/>
  <testcase name="showLastReleaseTagResult" time="0.667" classname="test.GitHubTest"/>
  <testcase name="verifyLastedReleaset" time="0.011" classname="test.GitHubTest">
    <failure type="java.lang.AssertionError" message="expected [true] but found [false]">
      <![CDATA[java.lang.AssertionError: expected [true] but found [false]
at test.GitHubTest.verifyLastedReleaset(GitHubTest.java:106)
... Removed 29 stack frames]]>
    </failure>
  </testcase> <!-- verifyLastedReleaset -->
</testsuite> <!-- Automation Positive Tests -->
